# JRE version: Java(TM) SE Runtime Environment (8.0_131-b11) (build 1.8.0_131-b11)
# Java VM: Java HotSpot(TM) Client VM (25.131-b11 mixed mode windows-x86 )
Heap:
 def new generation   total 68544K, used 20965K [0x04400000, 0x08e50000, 0x19950000)
  eden space 60992K,  21% used [0x04400000, 0x05119608, 0x07f90000)
  from space 7552K, 100% used [0x086f0000, 0x08e50000, 0x08e50000)
  to   space 7552K,   0% used [0x07f90000, 0x07f90000, 0x086f0000)
 tenured generation   total 152156K, used 149015K [0x19950000, 0x22de7000, 0x44400000)
   the space 152156K,  97% used [0x19950000, 0x22ad5dc0, 0x22ad5e00, 0x22de7000)
 Metaspace       used 13189K, capacity 13256K, committed 13440K, reserved 14720K
GC Heap History (10 events):
Event: 32.673 GC heap before
{Heap before GC invocations=57 (full 5):
 def new generation   total 38656K, used 4606K [0x04400000, 0x06df0000, 0x19950000)
  eden space 34368K,   0% used [0x04400000, 0x0444f968, 0x06590000)
  from space 4288K, 100% used [0x06590000, 0x069c0000, 0x069c0000)
  to   space 4288K,   0% used [0x069c0000, 0x069c0000, 0x06df0000)
 tenured generation   total 85788K, used 80158K [0x19950000, 0x1ed17000, 0x44400000)
   the space 85788K,  93% used [0x19950000, 0x1e797aa8, 0x1e797c00, 0x1ed17000)
 Metaspace       used 13114K, capacity 13192K, committed 13312K, reserved 13696K
Event: 32.689 GC heap after
Heap after GC invocations=58 (full 5):
 def new generation   total 38656K, used 0K [0x04400000, 0x06df0000, 0x19950000)
  eden space 34368K,   0% used [0x04400000, 0x04400000, 0x06590000)
  from space 4288K,   0% used [0x069c0000, 0x069c02d0, 0x06df0000)
  to   space 4288K,   0% used [0x06590000, 0x06590000, 0x069c0000)
 tenured generation   total 85788K, used 84446K [0x19950000, 0x1ed17000, 0x44400000)
   the space 85788K,  98% used [0x19950000, 0x1ebc7a68, 0x1ebc7c00, 0x1ed17000)
 Metaspace       used 13114K, capacity 13192K, committed 13312K, reserved 13696K
}
Event: 35.885 GC heap before
{Heap before GC invocations=58 (full 5):
 def new generation   total 38656K, used 34368K [0x04400000, 0x06df0000, 0x19950000)
  eden space 34368K, 100% used [0x04400000, 0x06590000, 0x06590000)
  from space 4288K,   0% used [0x069c0000, 0x069c02d0, 0x06df0000)
  to   space 4288K,   0% used [0x06590000, 0x06590000, 0x069c0000)
 tenured generation   total 85788K, used 84446K [0x19950000, 0x1ed17000, 0x44400000)
   the space 85788K,  98% used [0x19950000, 0x1ebc7a68, 0x1ebc7c00, 0x1ed17000)
 Metaspace       used 13114K, capacity 13192K, committed 13312K, reserved 13696K
Event: 36.275 GC heap after
Heap after GC invocations=59 (full 6):
 def new generation   total 68544K, used 581K [0x04400000, 0x08e50000, 0x19950000)
  eden space 60992K,   0% used [0x04400000, 0x044916f8, 0x07f90000)
  from space 7552K,   0% used [0x07f90000, 0x07f90000, 0x086f0000)
  to   space 7552K,   0% used [0x086f0000, 0x086f0000, 0x08e50000)
 tenured generation   total 152156K, used 91291K [0x19950000, 0x22de7000, 0x44400000)
   the space 152156K,  59% used [0x19950000, 0x1f276ff8, 0x1f277000, 0x22de7000)
 Metaspace       used 13114K, capacity 13192K, committed 13312K, reserved 13696K
}
Event: 41.252 GC heap before
{Heap before GC invocations=59 (full 6):
 def new generation   total 68544K, used 60992K [0x04400000, 0x08e50000, 0x19950000)
  eden space 60992K, 100% used [0x04400000, 0x07f90000, 0x07f90000)
  from space 7552K,   0% used [0x07f90000, 0x07f90000, 0x086f0000)
  to   space 7552K,   0% used [0x086f0000, 0x086f0000, 0x08e50000)
 tenured generation   total 152156K, used 91291K [0x19950000, 0x22de7000, 0x44400000)
   the space 152156K,  59% used [0x19950000, 0x1f276ff8, 0x1f277000, 0x22de7000)
 Metaspace       used 13114K, capacity 13192K, committed 13312K, reserved 13696K
Event: 41.462 GC heap after
Heap after GC invocations=60 (full 6):
 def new generation   total 68544K, used 7552K [0x04400000, 0x08e50000, 0x19950000)
  eden space 60992K,   0% used [0x04400000, 0x04400000, 0x07f90000)
  from space 7552K, 100% used [0x086f0000, 0x08e50000, 0x08e50000)
  to   space 7552K,   0% used [0x07f90000, 0x07f90000, 0x086f0000)
 tenured generation   total 152156K, used 106837K [0x19950000, 0x22de7000, 0x44400000)
   the space 152156K,  70% used [0x19950000, 0x201a54b0, 0x201a5600, 0x22de7000)
 Metaspace       used 13114K, capacity 13192K, committed 13312K, reserved 13696K
}
Event: 45.760 GC heap before
{Heap before GC invocations=60 (full 6):
 def new generation   total 68544K, used 68544K [0x04400000, 0x08e50000, 0x19950000)
  eden space 60992K, 100% used [0x04400000, 0x07f90000, 0x07f90000)
  from space 7552K, 100% used [0x086f0000, 0x08e50000, 0x08e50000)
  to   space 7552K,   0% used [0x07f90000, 0x07f90000, 0x086f0000)
 tenured generation   total 152156K, used 106837K [0x19950000, 0x22de7000, 0x44400000)
   the space 152156K,  70% used [0x19950000, 0x201a54b0, 0x201a5600, 0x22de7000)
 Metaspace       used 13114K, capacity 13192K, committed 13312K, reserved 13696K
Event: 45.924 GC heap after
Heap after GC invocations=61 (full 6):
 def new generation   total 68544K, used 7552K [0x04400000, 0x08e50000, 0x19950000)
  eden space 60992K,   0% used [0x04400000, 0x04400000, 0x07f90000)
  from space 7552K, 100% used [0x07f90000, 0x086f0000, 0x086f0000)
  to   space 7552K,   0% used [0x086f0000, 0x086f0000, 0x08e50000)
 tenured generation   total 152156K, used 128128K [0x19950000, 0x22de7000, 0x44400000)
   the space 152156K,  84% used [0x19950000, 0x216703f0, 0x21670400, 0x22de7000)
 Metaspace       used 13114K, capacity 13192K, committed 13312K, reserved 13696K
}
Event: 50.237 GC heap before
{Heap before GC invocations=61 (full 6):
 def new generation   total 68544K, used 68544K [0x04400000, 0x08e50000, 0x19950000)
  eden space 60992K, 100% used [0x04400000, 0x07f90000, 0x07f90000)
  from space 7552K, 100% used [0x07f90000, 0x086f0000, 0x086f0000)
  to   space 7552K,   0% used [0x086f0000, 0x086f0000, 0x08e50000)
 tenured generation   total 152156K, used 128128K [0x19950000, 0x22de7000, 0x44400000)
   the space 152156K,  84% used [0x19950000, 0x216703f0, 0x21670400, 0x22de7000)
 Metaspace       used 13115K, capacity 13192K, committed 13312K, reserved 13696K
Event: 50.379 GC heap after
Heap after GC invocations=62 (full 6):
 def new generation   total 68544K, used 7552K [0x04400000, 0x08e50000, 0x19950000)
  eden space 60992K,   0% used [0x04400000, 0x04400000, 0x07f90000)
  from space 7552K, 100% used [0x086f0000, 0x08e50000, 0x08e50000)
  to   space 7552K,   0% used [0x07f90000, 0x07f90000, 0x086f0000)
 tenured generation   total 152156K, used 149015K [0x19950000, 0x22de7000, 0x44400000)
   the space 152156K,  97% used [0x19950000, 0x22ad5dc0, 0x22ad5e00, 0x22de7000)
 Metaspace       used 13115K, capacity 13192K, committed 13312K, reserved 13696K
}

