# JRE version: Java(TM) SE Runtime Environment (8.0_131-b11) (build 1.8.0_131-b11)
# Java VM: Java HotSpot(TM) Client VM (25.131-b11 mixed mode windows-x86 )
Heap:
 def new generation   total 35136K, used 31915K [0x04000000, 0x06610000, 0x19550000)
  eden space 31296K,  89% used [0x04000000, 0x05b6adf8, 0x05e90000)
  from space 3840K, 100% used [0x06250000, 0x06610000, 0x06610000)
  to   space 3840K,   0% used [0x05e90000, 0x05e90000, 0x06250000)
 tenured generation   total 77840K, used 49031K [0x19550000, 0x1e154000, 0x44000000)
   the space 77840K,  62% used [0x19550000, 0x1c531cd0, 0x1c531e00, 0x1e154000)
 Metaspace       used 13173K, capacity 13254K, committed 13440K, reserved 13696K
GC Heap History (10 events):
Event: 18.353 GC heap before
{Heap before GC invocations=32 (full 4):
 def new generation   total 20480K, used 20480K [0x04000000, 0x05630000, 0x19550000)
  eden space 18240K, 100% used [0x04000000, 0x051d0000, 0x051d0000)
  from space 2240K, 100% used [0x05400000, 0x05630000, 0x05630000)
  to   space 2240K,   0% used [0x051d0000, 0x051d0000, 0x05400000)
 tenured generation   total 45424K, used 37423K [0x19550000, 0x1c1ac000, 0x44000000)
   the space 45424K,  82% used [0x19550000, 0x1b9dbda8, 0x1b9dbe00, 0x1c1ac000)
 Metaspace       used 13094K, capacity 13190K, committed 13312K, reserved 13696K
Event: 18.370 GC heap after
Heap after GC invocations=33 (full 4):
 def new generation   total 20480K, used 2240K [0x04000000, 0x05630000, 0x19550000)
  eden space 18240K,   0% used [0x04000000, 0x04000000, 0x051d0000)
  from space 2240K, 100% used [0x051d0000, 0x05400000, 0x05400000)
  to   space 2240K,   0% used [0x05400000, 0x05400000, 0x05630000)
 tenured generation   total 45424K, used 40036K [0x19550000, 0x1c1ac000, 0x44000000)
   the space 45424K,  88% used [0x19550000, 0x1bc69270, 0x1bc69400, 0x1c1ac000)
 Metaspace       used 13094K, capacity 13190K, committed 13312K, reserved 13696K
}
Event: 18.751 GC heap before
{Heap before GC invocations=33 (full 4):
 def new generation   total 20480K, used 20480K [0x04000000, 0x05630000, 0x19550000)
  eden space 18240K, 100% used [0x04000000, 0x051d0000, 0x051d0000)
  from space 2240K, 100% used [0x051d0000, 0x05400000, 0x05400000)
  to   space 2240K,   0% used [0x05400000, 0x05400000, 0x05630000)
 tenured generation   total 45424K, used 40036K [0x19550000, 0x1c1ac000, 0x44000000)
   the space 45424K,  88% used [0x19550000, 0x1bc69270, 0x1bc69400, 0x1c1ac000)
 Metaspace       used 13095K, capacity 13190K, committed 13312K, reserved 13696K
Event: 18.769 GC heap after
Heap after GC invocations=34 (full 4):
 def new generation   total 20480K, used 2240K [0x04000000, 0x05630000, 0x19550000)
  eden space 18240K,   0% used [0x04000000, 0x04000000, 0x051d0000)
  from space 2240K, 100% used [0x05400000, 0x05630000, 0x05630000)
  to   space 2240K,   0% used [0x051d0000, 0x051d0000, 0x05400000)
 tenured generation   total 45424K, used 43013K [0x19550000, 0x1c1ac000, 0x44000000)
   the space 45424K,  94% used [0x19550000, 0x1bf51408, 0x1bf51600, 0x1c1ac000)
 Metaspace       used 13095K, capacity 13190K, committed 13312K, reserved 13696K
}
Event: 18.977 GC heap before
{Heap before GC invocations=34 (full 4):
 def new generation   total 20480K, used 20480K [0x04000000, 0x05630000, 0x19550000)
  eden space 18240K, 100% used [0x04000000, 0x051d0000, 0x051d0000)
  from space 2240K, 100% used [0x05400000, 0x05630000, 0x05630000)
  to   space 2240K,   0% used [0x051d0000, 0x051d0000, 0x05400000)
 tenured generation   total 45424K, used 43013K [0x19550000, 0x1c1ac000, 0x44000000)
   the space 45424K,  94% used [0x19550000, 0x1bf51408, 0x1bf51600, 0x1c1ac000)
 Metaspace       used 13095K, capacity 13190K, committed 13312K, reserved 13696K
Event: 19.162 GC heap after
Heap after GC invocations=35 (full 5):
 def new generation   total 20736K, used 0K [0x04000000, 0x05670000, 0x19550000)
  eden space 18496K,   0% used [0x04000000, 0x04000000, 0x05210000)
  from space 2240K,   0% used [0x05210000, 0x05210000, 0x05440000)
  to   space 2240K,   0% used [0x05440000, 0x05440000, 0x05670000)
 tenured generation   total 45936K, used 45308K [0x19550000, 0x1c22c000, 0x44000000)
   the space 45936K,  98% used [0x19550000, 0x1c18f2e0, 0x1c18f400, 0x1c22c000)
 Metaspace       used 13095K, capacity 13190K, committed 13312K, reserved 13696K
}
Event: 19.383 GC heap before
{Heap before GC invocations=35 (full 5):
 def new generation   total 20736K, used 18496K [0x04000000, 0x05670000, 0x19550000)
  eden space 18496K, 100% used [0x04000000, 0x05210000, 0x05210000)
  from space 2240K,   0% used [0x05210000, 0x05210000, 0x05440000)
  to   space 2240K,   0% used [0x05440000, 0x05440000, 0x05670000)
 tenured generation   total 45936K, used 45308K [0x19550000, 0x1c22c000, 0x44000000)
   the space 45936K,  98% used [0x19550000, 0x1c18f2e0, 0x1c18f400, 0x1c22c000)
 Metaspace       used 13096K, capacity 13190K, committed 13312K, reserved 13696K
Event: 19.562 GC heap after
Heap after GC invocations=36 (full 6):
 def new generation   total 35136K, used 82K [0x04000000, 0x06610000, 0x19550000)
  eden space 31296K,   0% used [0x04000000, 0x04014848, 0x05e90000)
  from space 3840K,   0% used [0x05e90000, 0x05e90000, 0x06250000)
  to   space 3840K,   0% used [0x06250000, 0x06250000, 0x06610000)
 tenured generation   total 77840K, used 46704K [0x19550000, 0x1e154000, 0x44000000)
   the space 77840K,  60% used [0x19550000, 0x1c2ec000, 0x1c2ec000, 0x1e154000)
 Metaspace       used 13096K, capacity 13190K, committed 13312K, reserved 13696K
}
Event: 19.766 GC heap before
{Heap before GC invocations=36 (full 6):
 def new generation   total 35136K, used 31296K [0x04000000, 0x06610000, 0x19550000)
  eden space 31296K, 100% used [0x04000000, 0x05e90000, 0x05e90000)
  from space 3840K,   0% used [0x05e90000, 0x05e90000, 0x06250000)
  to   space 3840K,   0% used [0x06250000, 0x06250000, 0x06610000)
 tenured generation   total 77840K, used 46704K [0x19550000, 0x1e154000, 0x44000000)
   the space 77840K,  60% used [0x19550000, 0x1c2ec000, 0x1c2ec000, 0x1e154000)
 Metaspace       used 13097K, capacity 13190K, committed 13312K, reserved 13696K
Event: 19.823 GC heap after
Heap after GC invocations=37 (full 6):
 def new generation   total 35136K, used 3840K [0x04000000, 0x06610000, 0x19550000)
  eden space 31296K,   0% used [0x04000000, 0x04000000, 0x05e90000)
  from space 3840K, 100% used [0x06250000, 0x06610000, 0x06610000)
  to   space 3840K,   0% used [0x05e90000, 0x05e90000, 0x06250000)
 tenured generation   total 77840K, used 49031K [0x19550000, 0x1e154000, 0x44000000)
   the space 77840K,  62% used [0x19550000, 0x1c531cd0, 0x1c531e00, 0x1e154000)
 Metaspace       used 13097K, capacity 13190K, committed 13312K, reserved 13696K
}

