# JRE version: Java(TM) SE Runtime Environment (8.0_131-b11) (build 1.8.0_131-b11)
# Java VM: Java HotSpot(TM) Client VM (25.131-b11 mixed mode windows-x86 )
Heap:
 def new generation   total 22976K, used 8818K [0x04200000, 0x05ae0000, 0x19750000)
  eden space 20480K,  30% used [0x04200000, 0x0482c8c0, 0x05600000)
  from space 2496K, 100% used [0x05600000, 0x05870000, 0x05870000)
  to   space 2496K,   0% used [0x05870000, 0x05870000, 0x05ae0000)
 tenured generation   total 87116K, used 63782K [0x19750000, 0x1ec63000, 0x44200000)
   the space 87116K,  73% used [0x19750000, 0x1d599900, 0x1d599a00, 0x1ec63000)
 Metaspace       used 13160K, capacity 13219K, committed 13440K, reserved 13696K
GC Heap History (10 events):
Event: 72.762 GC heap before
{Heap before GC invocations=53 (full 5):
 def new generation   total 22656K, used 20160K [0x04200000, 0x05a90000, 0x19750000)
  eden space 20160K, 100% used [0x04200000, 0x055b0000, 0x055b0000)
  from space 2496K,   0% used [0x055b0000, 0x055b0000, 0x05820000)
  to   space 2496K,   0% used [0x05820000, 0x05820000, 0x05a90000)
 tenured generation   total 50220K, used 50220K [0x19750000, 0x1c85b000, 0x44200000)
   the space 50220K, 100% used [0x19750000, 0x1c85b000, 0x1c85b000, 0x1c85b000)
 Metaspace       used 13095K, capacity 13190K, committed 13312K, reserved 13696K
Event: 72.999 GC heap after
Heap after GC invocations=54 (full 6):
 def new generation   total 22976K, used 0K [0x04200000, 0x05ae0000, 0x19750000)
  eden space 20480K,   0% used [0x04200000, 0x04200000, 0x05600000)
  from space 2496K,   0% used [0x05600000, 0x05600000, 0x05870000)
  to   space 2496K,   0% used [0x05870000, 0x05870000, 0x05ae0000)
 tenured generation   total 50860K, used 50257K [0x19750000, 0x1c8fb000, 0x44200000)
   the space 50860K,  98% used [0x19750000, 0x1c864650, 0x1c864800, 0x1c8fb000)
 Metaspace       used 13067K, capacity 13155K, committed 13312K, reserved 13696K
}
Event: 74.268 GC heap before
{Heap before GC invocations=54 (full 6):
 def new generation   total 22976K, used 20480K [0x04200000, 0x05ae0000, 0x19750000)
  eden space 20480K, 100% used [0x04200000, 0x05600000, 0x05600000)
  from space 2496K,   0% used [0x05600000, 0x05600000, 0x05870000)
  to   space 2496K,   0% used [0x05870000, 0x05870000, 0x05ae0000)
 tenured generation   total 50860K, used 50257K [0x19750000, 0x1c8fb000, 0x44200000)
   the space 50860K,  98% used [0x19750000, 0x1c864650, 0x1c864800, 0x1c8fb000)
 Metaspace       used 13067K, capacity 13155K, committed 13312K, reserved 13696K
Event: 74.279 GC heap after
Heap after GC invocations=55 (full 6):
 def new generation   total 22976K, used 2116K [0x04200000, 0x05ae0000, 0x19750000)
  eden space 20480K,   0% used [0x04200000, 0x04200000, 0x05600000)
  from space 2496K,  84% used [0x05870000, 0x05a81200, 0x05ae0000)
  to   space 2496K,   0% used [0x05600000, 0x05600000, 0x05870000)
 tenured generation   total 50860K, used 50257K [0x19750000, 0x1c8fb000, 0x44200000)
   the space 50860K,  98% used [0x19750000, 0x1c864650, 0x1c864800, 0x1c8fb000)
 Metaspace       used 13067K, capacity 13155K, committed 13312K, reserved 13696K
}
Event: 75.097 GC heap before
{Heap before GC invocations=55 (full 6):
 def new generation   total 22976K, used 22596K [0x04200000, 0x05ae0000, 0x19750000)
  eden space 20480K, 100% used [0x04200000, 0x05600000, 0x05600000)
  from space 2496K,  84% used [0x05870000, 0x05a81200, 0x05ae0000)
  to   space 2496K,   0% used [0x05600000, 0x05600000, 0x05870000)
 tenured generation   total 50860K, used 50257K [0x19750000, 0x1c8fb000, 0x44200000)
   the space 50860K,  98% used [0x19750000, 0x1c864650, 0x1c864800, 0x1c8fb000)
 Metaspace       used 13068K, capacity 13155K, committed 13312K, reserved 13696K
Event: 75.282 GC heap after
Heap after GC invocations=56 (full 7):
 def new generation   total 22976K, used 1783K [0x04200000, 0x05ae0000, 0x19750000)
  eden space 20480K,   8% used [0x04200000, 0x043bdc68, 0x05600000)
  from space 2496K,   0% used [0x05600000, 0x05600000, 0x05870000)
  to   space 2496K,   0% used [0x05870000, 0x05870000, 0x05ae0000)
 tenured generation   total 87116K, used 52267K [0x19750000, 0x1ec63000, 0x44200000)
   the space 87116K,  59% used [0x19750000, 0x1ca5aff0, 0x1ca5b000, 0x1ec63000)
 Metaspace       used 13068K, capacity 13155K, committed 13312K, reserved 13696K
}
Event: 75.783 GC heap before
{Heap before GC invocations=56 (full 7):
 def new generation   total 22976K, used 20480K [0x04200000, 0x05ae0000, 0x19750000)
  eden space 20480K, 100% used [0x04200000, 0x05600000, 0x05600000)
  from space 2496K,   0% used [0x05600000, 0x05600018, 0x05870000)
  to   space 2496K,   0% used [0x05870000, 0x05870000, 0x05ae0000)
 tenured generation   total 87116K, used 52267K [0x19750000, 0x1ec63000, 0x44200000)
   the space 87116K,  59% used [0x19750000, 0x1ca5aff0, 0x1ca5b000, 0x1ec63000)
 Metaspace       used 13082K, capacity 13155K, committed 13312K, reserved 13696K
Event: 75.848 GC heap after
Heap after GC invocations=57 (full 7):
 def new generation   total 22976K, used 2496K [0x04200000, 0x05ae0000, 0x19750000)
  eden space 20480K,   0% used [0x04200000, 0x04200000, 0x05600000)
  from space 2496K, 100% used [0x05870000, 0x05ae0000, 0x05ae0000)
  to   space 2496K,   0% used [0x05600000, 0x05600000, 0x05870000)
 tenured generation   total 87116K, used 57180K [0x19750000, 0x1ec63000, 0x44200000)
   the space 87116K,  65% used [0x19750000, 0x1cf27380, 0x1cf27400, 0x1ec63000)
 Metaspace       used 13082K, capacity 13155K, committed 13312K, reserved 13696K
}
Event: 76.249 GC heap before
{Heap before GC invocations=57 (full 7):
 def new generation   total 22976K, used 22976K [0x04200000, 0x05ae0000, 0x19750000)
  eden space 20480K, 100% used [0x04200000, 0x05600000, 0x05600000)
  from space 2496K, 100% used [0x05870000, 0x05ae0000, 0x05ae0000)
  to   space 2496K,   0% used [0x05600000, 0x05600000, 0x05870000)
 tenured generation   total 87116K, used 57180K [0x19750000, 0x1ec63000, 0x44200000)
   the space 87116K,  65% used [0x19750000, 0x1cf27390, 0x1cf27400, 0x1ec63000)
 Metaspace       used 13084K, capacity 13155K, committed 13312K, reserved 13696K
Event: 76.289 GC heap after
Heap after GC invocations=58 (full 7):
 def new generation   total 22976K, used 2496K [0x04200000, 0x05ae0000, 0x19750000)
  eden space 20480K,   0% used [0x04200000, 0x04200000, 0x05600000)
  from space 2496K, 100% used [0x05600000, 0x05870000, 0x05870000)
  to   space 2496K,   0% used [0x05870000, 0x05870000, 0x05ae0000)
 tenured generation   total 87116K, used 63782K [0x19750000, 0x1ec63000, 0x44200000)
   the space 87116K,  73% used [0x19750000, 0x1d599900, 0x1d599a00, 0x1ec63000)
 Metaspace       used 13084K, capacity 13155K, committed 13312K, reserved 13696K
}

