# JRE version: Java(TM) SE Runtime Environment (8.0_131-b11) (build 1.8.0_131-b11)
# Java VM: Java HotSpot(TM) Client VM (25.131-b11 mixed mode windows-x86 )
Heap:
 def new generation   total 23616K, used 12812K [0x03e00000, 0x05790000, 0x19350000)
  eden space 21056K,  48% used [0x03e00000, 0x048031d8, 0x05290000)
  from space 2560K, 100% used [0x05290000, 0x05510000, 0x05510000)
  to   space 2560K,   0% used [0x05510000, 0x05510000, 0x05790000)
 tenured generation   total 96208K, used 86841K [0x19350000, 0x1f144000, 0x43e00000)
   the space 96208K,  90% used [0x19350000, 0x1e81e460, 0x1e81e600, 0x1f144000)
 Metaspace       used 14735K, capacity 14792K, committed 14976K, reserved 15744K
GC Heap History (10 events):
Event: 25.522 GC heap before
{Heap before GC invocations=49 (full 6):
 def new generation   total 23616K, used 21982K [0x03e00000, 0x05790000, 0x19350000)
  eden space 21056K, 100% used [0x03e00000, 0x05290000, 0x05290000)
  from space 2560K,  36% used [0x05510000, 0x055f7b30, 0x05790000)
  to   space 2560K,   0% used [0x05290000, 0x05290000, 0x05510000)
 tenured generation   total 96208K, used 59228K [0x19350000, 0x1f144000, 0x43e00000)
   the space 96208K,  61% used [0x19350000, 0x1cd27228, 0x1cd27400, 0x1f144000)
 Metaspace       used 14494K, capacity 14568K, committed 14720K, reserved 14720K
Event: 25.525 GC heap after
Heap after GC invocations=50 (full 6):
 def new generation   total 23616K, used 926K [0x03e00000, 0x05790000, 0x19350000)
  eden space 21056K,   0% used [0x03e00000, 0x03e00000, 0x05290000)
  from space 2560K,  36% used [0x05290000, 0x05377880, 0x05510000)
  to   space 2560K,   0% used [0x05510000, 0x05510000, 0x05790000)
 tenured generation   total 96208K, used 59228K [0x19350000, 0x1f144000, 0x43e00000)
   the space 96208K,  61% used [0x19350000, 0x1cd27228, 0x1cd27400, 0x1f144000)
 Metaspace       used 14494K, capacity 14568K, committed 14720K, reserved 14720K
}
Event: 26.277 GC heap before
{Heap before GC invocations=50 (full 6):
 def new generation   total 23616K, used 21982K [0x03e00000, 0x05790000, 0x19350000)
  eden space 21056K, 100% used [0x03e00000, 0x05290000, 0x05290000)
  from space 2560K,  36% used [0x05290000, 0x05377880, 0x05510000)
  to   space 2560K,   0% used [0x05510000, 0x05510000, 0x05790000)
 tenured generation   total 96208K, used 59228K [0x19350000, 0x1f144000, 0x43e00000)
   the space 96208K,  61% used [0x19350000, 0x1cd27228, 0x1cd27400, 0x1f144000)
 Metaspace       used 14640K, capacity 14728K, committed 14848K, reserved 15744K
Event: 26.303 GC heap after
Heap after GC invocations=51 (full 6):
 def new generation   total 23616K, used 2560K [0x03e00000, 0x05790000, 0x19350000)
  eden space 21056K,   0% used [0x03e00000, 0x03e00000, 0x05290000)
  from space 2560K, 100% used [0x05510000, 0x05790000, 0x05790000)
  to   space 2560K,   0% used [0x05290000, 0x05290000, 0x05510000)
 tenured generation   total 96208K, used 65567K [0x19350000, 0x1f144000, 0x43e00000)
   the space 96208K,  68% used [0x19350000, 0x1d357eb0, 0x1d358000, 0x1f144000)
 Metaspace       used 14640K, capacity 14728K, committed 14848K, reserved 15744K
}
Event: 26.570 GC heap before
{Heap before GC invocations=51 (full 6):
 def new generation   total 23616K, used 23616K [0x03e00000, 0x05790000, 0x19350000)
  eden space 21056K, 100% used [0x03e00000, 0x05290000, 0x05290000)
  from space 2560K, 100% used [0x05510000, 0x05790000, 0x05790000)
  to   space 2560K,   0% used [0x05290000, 0x05290000, 0x05510000)
 tenured generation   total 96208K, used 65567K [0x19350000, 0x1f144000, 0x43e00000)
   the space 96208K,  68% used [0x19350000, 0x1d357eb0, 0x1d358000, 0x1f144000)
 Metaspace       used 14640K, capacity 14728K, committed 14848K, reserved 15744K
Event: 26.606 GC heap after
Heap after GC invocations=52 (full 6):
 def new generation   total 23616K, used 2560K [0x03e00000, 0x05790000, 0x19350000)
  eden space 21056K,   0% used [0x03e00000, 0x03e00000, 0x05290000)
  from space 2560K, 100% used [0x05290000, 0x05510000, 0x05510000)
  to   space 2560K,   0% used [0x05510000, 0x05510000, 0x05790000)
 tenured generation   total 96208K, used 73459K [0x19350000, 0x1f144000, 0x43e00000)
   the space 96208K,  76% used [0x19350000, 0x1db0cfe8, 0x1db0d000, 0x1f144000)
 Metaspace       used 14640K, capacity 14728K, committed 14848K, reserved 15744K
}
Event: 26.965 GC heap before
{Heap before GC invocations=52 (full 6):
 def new generation   total 23616K, used 23616K [0x03e00000, 0x05790000, 0x19350000)
  eden space 21056K, 100% used [0x03e00000, 0x05290000, 0x05290000)
  from space 2560K, 100% used [0x05290000, 0x05510000, 0x05510000)
  to   space 2560K,   0% used [0x05510000, 0x05510000, 0x05790000)
 tenured generation   total 96208K, used 73459K [0x19350000, 0x1f144000, 0x43e00000)
   the space 96208K,  76% used [0x19350000, 0x1db0cfe8, 0x1db0d000, 0x1f144000)
 Metaspace       used 14717K, capacity 14792K, committed 14976K, reserved 15744K
Event: 26.994 GC heap after
Heap after GC invocations=53 (full 6):
 def new generation   total 23616K, used 2560K [0x03e00000, 0x05790000, 0x19350000)
  eden space 21056K,   0% used [0x03e00000, 0x03e00000, 0x05290000)
  from space 2560K, 100% used [0x05510000, 0x05790000, 0x05790000)
  to   space 2560K,   0% used [0x05290000, 0x05290000, 0x05510000)
 tenured generation   total 96208K, used 80416K [0x19350000, 0x1f144000, 0x43e00000)
   the space 96208K,  83% used [0x19350000, 0x1e1d8208, 0x1e1d8400, 0x1f144000)
 Metaspace       used 14717K, capacity 14792K, committed 14976K, reserved 15744K
}
Event: 27.457 GC heap before
{Heap before GC invocations=53 (full 6):
 def new generation   total 23616K, used 23616K [0x03e00000, 0x05790000, 0x19350000)
  eden space 21056K, 100% used [0x03e00000, 0x05290000, 0x05290000)
  from space 2560K, 100% used [0x05510000, 0x05790000, 0x05790000)
  to   space 2560K,   0% used [0x05290000, 0x05290000, 0x05510000)
 tenured generation   total 96208K, used 80416K [0x19350000, 0x1f144000, 0x43e00000)
   the space 96208K,  83% used [0x19350000, 0x1e1d8208, 0x1e1d8400, 0x1f144000)
 Metaspace       used 14717K, capacity 14792K, committed 14976K, reserved 15744K
Event: 27.475 GC heap after
Heap after GC invocations=54 (full 6):
 def new generation   total 23616K, used 2560K [0x03e00000, 0x05790000, 0x19350000)
  eden space 21056K,   0% used [0x03e00000, 0x03e00000, 0x05290000)
  from space 2560K, 100% used [0x05290000, 0x05510000, 0x05510000)
  to   space 2560K,   0% used [0x05510000, 0x05510000, 0x05790000)
 tenured generation   total 96208K, used 86841K [0x19350000, 0x1f144000, 0x43e00000)
   the space 96208K,  90% used [0x19350000, 0x1e81e460, 0x1e81e600, 0x1f144000)
 Metaspace       used 14717K, capacity 14792K, committed 14976K, reserved 15744K
}

