# JRE version: Java(TM) SE Runtime Environment (8.0_131-b11) (build 1.8.0_131-b11)
# Java VM: Java HotSpot(TM) Client VM (25.131-b11 mixed mode windows-x86 )
Heap:
 def new generation   total 128960K, used 80752K [0x04000000, 0x0cbe0000, 0x19550000)
  eden space 114688K,  57% used [0x04000000, 0x080ec0c0, 0x0b000000)
  from space 14272K, 100% used [0x0b000000, 0x0bdf0000, 0x0bdf0000)
  to   space 14272K,   0% used [0x0bdf0000, 0x0bdf0000, 0x0cbe0000)
 tenured generation   total 286364K, used 262858K [0x19550000, 0x2acf7000, 0x44000000)
   the space 286364K,  91% used [0x19550000, 0x29602878, 0x29602a00, 0x2acf7000)
 Metaspace       used 13183K, capacity 13266K, committed 13440K, reserved 13696K
GC Heap History (10 events):
Event: 11.491 GC heap before
{Heap before GC invocations=60 (full 6):
 def new generation   total 76224K, used 67776K [0x04000000, 0x092b0000, 0x19550000)
  eden space 67776K, 100% used [0x04000000, 0x08230000, 0x08230000)
  from space 8448K,   0% used [0x08230000, 0x08230000, 0x08a70000)
  to   space 8448K,   0% used [0x08a70000, 0x08a70000, 0x092b0000)
 tenured generation   total 169316K, used 101587K [0x19550000, 0x23aa9000, 0x44000000)
   the space 169316K,  59% used [0x19550000, 0x1f884ff8, 0x1f885000, 0x23aa9000)
 Metaspace       used 13121K, capacity 13202K, committed 13312K, reserved 13696K
Event: 11.702 GC heap after
Heap after GC invocations=61 (full 6):
 def new generation   total 76224K, used 8448K [0x04000000, 0x092b0000, 0x19550000)
  eden space 67776K,   0% used [0x04000000, 0x04000000, 0x08230000)
  from space 8448K, 100% used [0x08a70000, 0x092b0000, 0x092b0000)
  to   space 8448K,   0% used [0x08230000, 0x08230000, 0x08a70000)
 tenured generation   total 169316K, used 118625K [0x19550000, 0x23aa9000, 0x44000000)
   the space 169316K,  70% used [0x19550000, 0x209285b8, 0x20928600, 0x23aa9000)
 Metaspace       used 13121K, capacity 13202K, committed 13312K, reserved 13696K
}
Event: 12.245 GC heap before
{Heap before GC invocations=61 (full 6):
 def new generation   total 76224K, used 76224K [0x04000000, 0x092b0000, 0x19550000)
  eden space 67776K, 100% used [0x04000000, 0x08230000, 0x08230000)
  from space 8448K, 100% used [0x08a70000, 0x092b0000, 0x092b0000)
  to   space 8448K,   0% used [0x08230000, 0x08230000, 0x08a70000)
 tenured generation   total 169316K, used 118625K [0x19550000, 0x23aa9000, 0x44000000)
   the space 169316K,  70% used [0x19550000, 0x209285b8, 0x20928600, 0x23aa9000)
 Metaspace       used 13121K, capacity 13202K, committed 13312K, reserved 13696K
Event: 12.438 GC heap after
Heap after GC invocations=62 (full 6):
 def new generation   total 76224K, used 8448K [0x04000000, 0x092b0000, 0x19550000)
  eden space 67776K,   0% used [0x04000000, 0x04000000, 0x08230000)
  from space 8448K, 100% used [0x08230000, 0x08a70000, 0x08a70000)
  to   space 8448K,   0% used [0x08a70000, 0x08a70000, 0x092b0000)
 tenured generation   total 169316K, used 145685K [0x19550000, 0x23aa9000, 0x44000000)
   the space 169316K,  86% used [0x19550000, 0x22395658, 0x22395800, 0x23aa9000)
 Metaspace       used 13121K, capacity 13202K, committed 13312K, reserved 13696K
}
Event: 17.019 GC heap before
{Heap before GC invocations=62 (full 6):
 def new generation   total 76224K, used 76224K [0x04000000, 0x092b0000, 0x19550000)
  eden space 67776K, 100% used [0x04000000, 0x08230000, 0x08230000)
  from space 8448K, 100% used [0x08230000, 0x08a70000, 0x08a70000)
  to   space 8448K,   0% used [0x08a70000, 0x08a70000, 0x092b0000)
 tenured generation   total 169316K, used 145685K [0x19550000, 0x23aa9000, 0x44000000)
   the space 169316K,  86% used [0x19550000, 0x22395658, 0x22395800, 0x23aa9000)
 Metaspace       used 13121K, capacity 13202K, committed 13312K, reserved 13696K
Event: 17.942 GC heap after
Heap after GC invocations=63 (full 7):
 def new generation   total 128960K, used 0K [0x04000000, 0x0cbe0000, 0x19550000)
  eden space 114688K,   0% used [0x04000000, 0x04000000, 0x0b000000)
  from space 14272K,   0% used [0x0b000000, 0x0b000000, 0x0bdf0000)
  to   space 14272K,   0% used [0x0bdf0000, 0x0bdf0000, 0x0cbe0000)
 tenured generation   total 286364K, used 171816K [0x19550000, 0x2acf7000, 0x44000000)
   the space 286364K,  59% used [0x19550000, 0x23d1a2d8, 0x23d1a400, 0x2acf7000)
 Metaspace       used 13121K, capacity 13202K, committed 13312K, reserved 13696K
}
Event: 24.690 GC heap before
{Heap before GC invocations=63 (full 7):
 def new generation   total 128960K, used 114688K [0x04000000, 0x0cbe0000, 0x19550000)
  eden space 114688K, 100% used [0x04000000, 0x0b000000, 0x0b000000)
  from space 14272K,   0% used [0x0b000000, 0x0b000018, 0x0bdf0000)
  to   space 14272K,   0% used [0x0bdf0000, 0x0bdf0000, 0x0cbe0000)
 tenured generation   total 286364K, used 171816K [0x19550000, 0x2acf7000, 0x44000000)
   the space 286364K,  59% used [0x19550000, 0x23d1a2d8, 0x23d1a400, 0x2acf7000)
 Metaspace       used 13121K, capacity 13202K, committed 13312K, reserved 13696K
Event: 24.998 GC heap after
Heap after GC invocations=64 (full 7):
 def new generation   total 128960K, used 14272K [0x04000000, 0x0cbe0000, 0x19550000)
  eden space 114688K,   0% used [0x04000000, 0x04000000, 0x0b000000)
  from space 14272K, 100% used [0x0bdf0000, 0x0cbe0000, 0x0cbe0000)
  to   space 14272K,   0% used [0x0b000000, 0x0b000000, 0x0bdf0000)
 tenured generation   total 286364K, used 212066K [0x19550000, 0x2acf7000, 0x44000000)
   the space 286364K,  74% used [0x19550000, 0x26468af8, 0x26468c00, 0x2acf7000)
 Metaspace       used 13121K, capacity 13202K, committed 13312K, reserved 13696K
}
Event: 31.794 GC heap before
{Heap before GC invocations=64 (full 7):
 def new generation   total 128960K, used 128960K [0x04000000, 0x0cbe0000, 0x19550000)
  eden space 114688K, 100% used [0x04000000, 0x0b000000, 0x0b000000)
  from space 14272K, 100% used [0x0bdf0000, 0x0cbe0000, 0x0cbe0000)
  to   space 14272K,   0% used [0x0b000000, 0x0b000000, 0x0bdf0000)
 tenured generation   total 286364K, used 212066K [0x19550000, 0x2acf7000, 0x44000000)
   the space 286364K,  74% used [0x19550000, 0x26468af8, 0x26468c00, 0x2acf7000)
 Metaspace       used 13121K, capacity 13202K, committed 13312K, reserved 13696K
Event: 32.151 GC heap after
Heap after GC invocations=65 (full 7):
 def new generation   total 128960K, used 14272K [0x04000000, 0x0cbe0000, 0x19550000)
  eden space 114688K,   0% used [0x04000000, 0x04000000, 0x0b000000)
  from space 14272K, 100% used [0x0b000000, 0x0bdf0000, 0x0bdf0000)
  to   space 14272K,   0% used [0x0bdf0000, 0x0bdf0000, 0x0cbe0000)
 tenured generation   total 286364K, used 262858K [0x19550000, 0x2acf7000, 0x44000000)
   the space 286364K,  91% used [0x19550000, 0x29602878, 0x29602a00, 0x2acf7000)
 Metaspace       used 13121K, capacity 13202K, committed 13312K, reserved 13696K
}

