# JRE version: Java(TM) SE Runtime Environment (8.0_131-b11) (build 1.8.0_131-b11)
# Java VM: Java HotSpot(TM) Client VM (25.131-b11 mixed mode windows-x86 )
Heap:
 def new generation   total 34624K, used 34624K [0x04000000, 0x06590000, 0x19550000)
  eden space 30784K, 100% used [0x04000000, 0x05e10000, 0x05e10000)
  from space 3840K, 100% used [0x061d0000, 0x06590000, 0x06590000)
  to   space 3840K,   0% used [0x05e10000, 0x05e10000, 0x061d0000)
 tenured generation   total 87704K, used 87704K [0x19550000, 0x1eaf6000, 0x44000000)
   the space 87704K, 100% used [0x19550000, 0x1eaf6000, 0x1eaf6000, 0x1eaf6000)
 Metaspace       used 9831K, capacity 9899K, committed 9984K, reserved 10624K
GC Heap History (10 events):
Event: 17.064 GC heap after
Heap after GC invocations=51 (full 5):
 def new generation   total 23552K, used 2450K [0x04000000, 0x05980000, 0x19550000)
  eden space 20992K,  11% used [0x04000000, 0x04264910, 0x05480000)
  from space 2560K,   0% used [0x05480000, 0x05480000, 0x05700000)
  to   space 2560K,   0% used [0x05700000, 0x05700000, 0x05980000)
 tenured generation   total 52108K, used 52107K [0x19550000, 0x1c833000, 0x44000000)
   the space 52108K,  99% used [0x19550000, 0x1c832ff8, 0x1c833000, 0x1c833000)
 Metaspace       used 9630K, capacity 9707K, committed 9856K, reserved 10624K
}
Event: 17.265 GC heap before
{Heap before GC invocations=51 (full 5):
 def new generation   total 23552K, used 20992K [0x04000000, 0x05980000, 0x19550000)
  eden space 20992K, 100% used [0x04000000, 0x05480000, 0x05480000)
  from space 2560K,   0% used [0x05480000, 0x05480000, 0x05700000)
  to   space 2560K,   0% used [0x05700000, 0x05700000, 0x05980000)
 tenured generation   total 52108K, used 52107K [0x19550000, 0x1c833000, 0x44000000)
   the space 52108K,  99% used [0x19550000, 0x1c832ff8, 0x1c833000, 0x1c833000)
 Metaspace       used 9631K, capacity 9707K, committed 9856K, reserved 10624K
Event: 17.513 GC heap after
Heap after GC invocations=52 (full 6):
 def new generation   total 26624K, used 1630K [0x04000000, 0x05ce0000, 0x19550000)
  eden space 23680K,   6% used [0x04000000, 0x04197be8, 0x05720000)
  from space 2944K,   0% used [0x05720000, 0x05720000, 0x05a00000)
  to   space 2944K,   0% used [0x05a00000, 0x05a00000, 0x05ce0000)
 tenured generation   total 59020K, used 59019K [0x19550000, 0x1cef3000, 0x44000000)
   the space 59020K,  99% used [0x19550000, 0x1cef2fd0, 0x1cef3000, 0x1cef3000)
 Metaspace       used 9631K, capacity 9707K, committed 9856K, reserved 10624K
}
Event: 17.770 GC heap before
{Heap before GC invocations=52 (full 6):
 def new generation   total 26624K, used 23680K [0x04000000, 0x05ce0000, 0x19550000)
  eden space 23680K, 100% used [0x04000000, 0x05720000, 0x05720000)
  from space 2944K,   0% used [0x05720000, 0x05720000, 0x05a00000)
  to   space 2944K,   0% used [0x05a00000, 0x05a00000, 0x05ce0000)
 tenured generation   total 59020K, used 59019K [0x19550000, 0x1cef3000, 0x44000000)
   the space 59020K,  99% used [0x19550000, 0x1cef2fd0, 0x1cef3000, 0x1cef3000)
 Metaspace       used 9631K, capacity 9707K, committed 9856K, reserved 10624K
Event: 18.048 GC heap after
Heap after GC invocations=53 (full 7):
 def new generation   total 29760K, used 2055K [0x04000000, 0x06040000, 0x19550000)
  eden space 26496K,   7% used [0x04000000, 0x04201f28, 0x059e0000)
  from space 3264K,   0% used [0x059e0000, 0x059e0000, 0x05d10000)
  to   space 3264K,   0% used [0x05d10000, 0x05d10000, 0x06040000)
 tenured generation   total 65932K, used 65810K [0x19550000, 0x1d5b3000, 0x44000000)
   the space 65932K,  99% used [0x19550000, 0x1d594b40, 0x1d594c00, 0x1d5b3000)
 Metaspace       used 9631K, capacity 9707K, committed 9856K, reserved 10624K
}
Event: 18.286 GC heap before
{Heap before GC invocations=53 (full 7):
 def new generation   total 29760K, used 26496K [0x04000000, 0x06040000, 0x19550000)
  eden space 26496K, 100% used [0x04000000, 0x059e0000, 0x059e0000)
  from space 3264K,   0% used [0x059e0000, 0x059e0000, 0x05d10000)
  to   space 3264K,   0% used [0x05d10000, 0x05d10000, 0x06040000)
 tenured generation   total 65932K, used 65810K [0x19550000, 0x1d5b3000, 0x44000000)
   the space 65932K,  99% used [0x19550000, 0x1d594b40, 0x1d594c00, 0x1d5b3000)
 Metaspace       used 9631K, capacity 9707K, committed 9856K, reserved 10624K
Event: 18.791 GC heap after
Heap after GC invocations=54 (full 8):
 def new generation   total 29760K, used 1620K [0x04000000, 0x06040000, 0x19550000)
  eden space 26496K,   6% used [0x04000000, 0x04195168, 0x059e0000)
  from space 3264K,   0% used [0x05d10000, 0x05d10000, 0x06040000)
  to   space 3264K,   0% used [0x059e0000, 0x059e0000, 0x05d10000)
 tenured generation   total 71516K, used 71515K [0x19550000, 0x1db27000, 0x44000000)
   the space 71516K,  99% used [0x19550000, 0x1db26ff8, 0x1db27000, 0x1db27000)
 Metaspace       used 9631K, capacity 9707K, committed 9856K, reserved 10624K
}
Event: 19.262 GC heap before
{Heap before GC invocations=54 (full 8):
 def new generation   total 29760K, used 26496K [0x04000000, 0x06040000, 0x19550000)
  eden space 26496K, 100% used [0x04000000, 0x059e0000, 0x059e0000)
  from space 3264K,   0% used [0x05d10000, 0x05d10000, 0x06040000)
  to   space 3264K,   0% used [0x059e0000, 0x059e0000, 0x05d10000)
 tenured generation   total 71516K, used 71515K [0x19550000, 0x1db27000, 0x44000000)
   the space 71516K,  99% used [0x19550000, 0x1db26ff8, 0x1db27000, 0x1db27000)
 Metaspace       used 9670K, capacity 9739K, committed 9856K, reserved 10624K
Event: 19.593 GC heap after
Heap after GC invocations=55 (full 9):
 def new generation   total 34624K, used 3163K [0x04000000, 0x06590000, 0x19550000)
  eden space 30784K,  10% used [0x04000000, 0x04316f30, 0x05e10000)
  from space 3840K,   0% used [0x05e10000, 0x05e10000, 0x061d0000)
  to   space 3840K,   0% used [0x061d0000, 0x061d0000, 0x06590000)
 tenured generation   total 76892K, used 76892K [0x19550000, 0x1e067000, 0x44000000)
   the space 76892K, 100% used [0x19550000, 0x1e067000, 0x1e067000, 0x1e067000)
 Metaspace       used 9670K, capacity 9739K, committed 9856K, reserved 10624K
}
Event: 19.992 GC heap before
{Heap before GC invocations=55 (full 9):
 def new generation   total 34624K, used 30784K [0x04000000, 0x06590000, 0x19550000)
  eden space 30784K, 100% used [0x04000000, 0x05e10000, 0x05e10000)
  from space 3840K,   0% used [0x05e10000, 0x05e10000, 0x061d0000)
  to   space 3840K,   0% used [0x061d0000, 0x061d0000, 0x06590000)
 tenured generation   total 76892K, used 76892K [0x19550000, 0x1e067000, 0x44000000)
   the space 76892K, 100% used [0x19550000, 0x1e067000, 0x1e067000, 0x1e067000)
 Metaspace       used 9831K, capacity 9899K, committed 9984K, reserved 10624K

